* Starting client
* Connecting to master process on port 8994
* Analyzing classpath: 
  - /Users/tiagofraga/Desktop/Complementares/umer.ATS/Trabalhos/Local/TP2/ats1819-projecto/out/production/ats1819-projecto
  - /Library/Java/JavaVirtualMachines/jdk1.8.0_131.jdk/Contents/Home/jre/lib/charsets.jar
  - /Library/Java/JavaVirtualMachines/jdk1.8.0_131.jdk/Contents/Home/jre/lib/deploy.jar
  - /Library/Java/JavaVirtualMachines/jdk1.8.0_131.jdk/Contents/Home/jre/lib/ext/cldrdata.jar
  - /Library/Java/JavaVirtualMachines/jdk1.8.0_131.jdk/Contents/Home/jre/lib/ext/dnsns.jar
  - /Library/Java/JavaVirtualMachines/jdk1.8.0_131.jdk/Contents/Home/jre/lib/ext/jaccess.jar
  - /Library/Java/JavaVirtualMachines/jdk1.8.0_131.jdk/Contents/Home/jre/lib/ext/jfxrt.jar
  - /Library/Java/JavaVirtualMachines/jdk1.8.0_131.jdk/Contents/Home/jre/lib/ext/localedata.jar
  - /Library/Java/JavaVirtualMachines/jdk1.8.0_131.jdk/Contents/Home/jre/lib/ext/nashorn.jar
  - /Library/Java/JavaVirtualMachines/jdk1.8.0_131.jdk/Contents/Home/jre/lib/ext/sunec.jar
  - /Library/Java/JavaVirtualMachines/jdk1.8.0_131.jdk/Contents/Home/jre/lib/ext/sunjce_provider.jar
  - /Library/Java/JavaVirtualMachines/jdk1.8.0_131.jdk/Contents/Home/jre/lib/ext/sunpkcs11.jar
  - /Library/Java/JavaVirtualMachines/jdk1.8.0_131.jdk/Contents/Home/jre/lib/ext/zipfs.jar
  - /Library/Java/JavaVirtualMachines/jdk1.8.0_131.jdk/Contents/Home/jre/lib/javaws.jar
  - /Library/Java/JavaVirtualMachines/jdk1.8.0_131.jdk/Contents/Home/jre/lib/jce.jar
  - /Library/Java/JavaVirtualMachines/jdk1.8.0_131.jdk/Contents/Home/jre/lib/jfr.jar
  - /Library/Java/JavaVirtualMachines/jdk1.8.0_131.jdk/Contents/Home/jre/lib/jfxswt.jar
  - /Library/Java/JavaVirtualMachines/jdk1.8.0_131.jdk/Contents/Home/jre/lib/jsse.jar
  - /Library/Java/JavaVirtualMachines/jdk1.8.0_131.jdk/Contents/Home/jre/lib/management-agent.jar
  - /Library/Java/JavaVirtualMachines/jdk1.8.0_131.jdk/Contents/Home/jre/lib/plugin.jar
  - /Library/Java/JavaVirtualMachines/jdk1.8.0_131.jdk/Contents/Home/jre/lib/resources.jar
  - /Library/Java/JavaVirtualMachines/jdk1.8.0_131.jdk/Contents/Home/jre/lib/rt.jar
  - /Library/Java/JavaVirtualMachines/jdk1.8.0_131.jdk/Contents/Home/lib/ant-javafx.jar
  - /Library/Java/JavaVirtualMachines/jdk1.8.0_131.jdk/Contents/Home/lib/dt.jar
  - /Library/Java/JavaVirtualMachines/jdk1.8.0_131.jdk/Contents/Home/lib/javafx-mx.jar
  - /Library/Java/JavaVirtualMachines/jdk1.8.0_131.jdk/Contents/Home/lib/jconsole.jar
  - /Library/Java/JavaVirtualMachines/jdk1.8.0_131.jdk/Contents/Home/lib/packager.jar
  - /Library/Java/JavaVirtualMachines/jdk1.8.0_131.jdk/Contents/Home/lib/sa-jdi.jar
  - /Library/Java/JavaVirtualMachines/jdk1.8.0_131.jdk/Contents/Home/lib/tools.jar
  - /Users/tiagofraga/Desktop/Complementares/umer.ATS/Trabalhos/Local/TP2/ats1819-projecto/out/test/ats1819-projecto
  - /Users/tiagofraga/Desktop/Complementares/umer.ATS/Trabalhos/Local/TP2/ats1819-projecto/out/production/ats1819-projecto
  - /Users/tiagofraga/Desktop/Complementares/umer.ATS/Software/junit-4.10.jar
  - /Users/tiagofraga/.m2/repository/com/pholser/junit-quickcheck-core/0.8.1/junit-quickcheck-core-0.8.1.jar
  - /Users/tiagofraga/.m2/repository/junit/junit/4.12/junit-4.12.jar
  - /Users/tiagofraga/.m2/repository/org/hamcrest/hamcrest-core/1.3/hamcrest-core-1.3.jar
  - /Users/tiagofraga/.m2/repository/org/javaruntype/javaruntype/1.3/javaruntype-1.3.jar
  - /Users/tiagofraga/.m2/repository/org/antlr/antlr-runtime/3.1.2/antlr-runtime-3.1.2.jar
  - /Users/tiagofraga/.m2/repository/ognl/ognl/3.1.12/ognl-3.1.12.jar
  - /Users/tiagofraga/.m2/repository/org/javassist/javassist/3.20.0-GA/javassist-3.20.0-GA.jar
  - /Users/tiagofraga/.m2/repository/ru/vyarus/generics-resolver/2.0.1/generics-resolver-2.0.1.jar
  - /Users/tiagofraga/.m2/repository/org/slf4j/slf4j-api/1.7.25/slf4j-api-1.7.25.jar
  - /Users/tiagofraga/.m2/repository/com/pholser/junit-quickcheck-generators/0.8.1/junit-quickcheck-generators-0.8.1.jar
  - /Users/tiagofraga/.m2/repository/org/antlr/antlr-runtime/3.5.2/antlr-runtime-3.5.2.jar
  - /Users/tiagofraga/.m2/repository/org/antlr/antlr4-runtime/4.7.1/antlr4-runtime-4.7.1.jar
* Finished analyzing classpath
* Generating tests for class umer.Vehicle
* Test criteria:
  - Line Coverage
  - Branch Coverage
  - Exception
  - Mutation testing (weak)
  - Method-Output Coverage
  - Top-Level Method Coverage
  - No-Exception Top-Level Method Coverage
  - Context Branch Coverage
* Setting up search algorithm for whole suite generation
* Loaded 48 tests from /Users/tiagofraga/Desktop/Complementares/umer.ATS/Trabalhos/Local/TP2/ats1819-projecto/.evosuite/evosuite-seeds/umer.Vehicle.seed
* Total number of test goals: 
  - Line 115
  - Branch 61
  - Exception 0
  - MutationFactory 84
  - Output 64
  - Method 30
  - MethodNoException 30
  - CBranchFitnessFactory 61
* Using seed 1542621486181
* Starting evolution
[MASTER] 09:58:12.468 [pool-2-thread-1] WARN  TimeController - Phase INITIALIZATION lasted too long, 1 seconds more than allowed.
* Search finished after 31s and 89 generations, 44207 statements, best individual has fitness: 84.01785714285714
* Writing sequences to pool
* Minimizing test suite
* Going to analyze the coverage criteria
* Coverage analysis for criterion LINE
* Coverage of criterion LINE: 94%
* Total number of goals: 115
* Number of covered goals: 108
* Coverage analysis for criterion BRANCH
* Coverage of criterion BRANCH: 82%
* Total number of goals: 61
* Number of covered goals: 50
* Coverage analysis for criterion EXCEPTION
* Coverage of criterion EXCEPTION: 100%
* Total number of goals: 6
* Number of covered goals: 6
* Coverage analysis for criterion WEAKMUTATION
* Coverage of criterion WEAKMUTATION: 83%
* Total number of goals: 84
* Number of covered goals: 70
* Coverage analysis for criterion OUTPUT
* Coverage of criterion OUTPUT: 66%
* Total number of goals: 64
* Number of covered goals: 42
* Coverage analysis for criterion METHOD
* Coverage of criterion METHOD: 100%
* Total number of goals: 30
* Number of covered goals: 30
* Coverage analysis for criterion METHODNOEXCEPTION
* Coverage of criterion METHODNOEXCEPTION: 100%
* Total number of goals: 30
* Number of covered goals: 30
* Coverage analysis for criterion CBRANCH
* Coverage of criterion CBRANCH: 79%
* Total number of goals: 61
* Number of covered goals: 48
* Generated 49 tests with total length 179
* Resulting test suite's coverage: 88% (average coverage for all fitness functions)
* Generating assertions
* Resulting test suite's mutation score: 74%
* Compiling and checking tests
* Writing JUnit test case 'umer.Vehicle_ESTest' to /Users/tiagofraga/Desktop/Complementares/umer.ATS/Trabalhos/Local/TP2/ats1819-projecto/.evosuite/tmp_2018_11_19_09_51_18/tests
* Done!

