* Starting client
* Connecting to master process on port 2954
* Analyzing classpath: 
  - /Users/tiagofraga/Desktop/Complementares/ATS/Trabalhos/Local/TP2/ats1819-projecto/out/production/ats1819-projecto
  - /Library/Java/JavaVirtualMachines/jdk1.8.0_131.jdk/Contents/Home/jre/lib/charsets.jar
  - /Library/Java/JavaVirtualMachines/jdk1.8.0_131.jdk/Contents/Home/jre/lib/deploy.jar
  - /Library/Java/JavaVirtualMachines/jdk1.8.0_131.jdk/Contents/Home/jre/lib/ext/cldrdata.jar
  - /Library/Java/JavaVirtualMachines/jdk1.8.0_131.jdk/Contents/Home/jre/lib/ext/dnsns.jar
  - /Library/Java/JavaVirtualMachines/jdk1.8.0_131.jdk/Contents/Home/jre/lib/ext/jaccess.jar
  - /Library/Java/JavaVirtualMachines/jdk1.8.0_131.jdk/Contents/Home/jre/lib/ext/jfxrt.jar
  - /Library/Java/JavaVirtualMachines/jdk1.8.0_131.jdk/Contents/Home/jre/lib/ext/localedata.jar
  - /Library/Java/JavaVirtualMachines/jdk1.8.0_131.jdk/Contents/Home/jre/lib/ext/nashorn.jar
  - /Library/Java/JavaVirtualMachines/jdk1.8.0_131.jdk/Contents/Home/jre/lib/ext/sunec.jar
  - /Library/Java/JavaVirtualMachines/jdk1.8.0_131.jdk/Contents/Home/jre/lib/ext/sunjce_provider.jar
  - /Library/Java/JavaVirtualMachines/jdk1.8.0_131.jdk/Contents/Home/jre/lib/ext/sunpkcs11.jar
  - /Library/Java/JavaVirtualMachines/jdk1.8.0_131.jdk/Contents/Home/jre/lib/ext/zipfs.jar
  - /Library/Java/JavaVirtualMachines/jdk1.8.0_131.jdk/Contents/Home/jre/lib/javaws.jar
  - /Library/Java/JavaVirtualMachines/jdk1.8.0_131.jdk/Contents/Home/jre/lib/jce.jar
  - /Library/Java/JavaVirtualMachines/jdk1.8.0_131.jdk/Contents/Home/jre/lib/jfr.jar
  - /Library/Java/JavaVirtualMachines/jdk1.8.0_131.jdk/Contents/Home/jre/lib/jfxswt.jar
  - /Library/Java/JavaVirtualMachines/jdk1.8.0_131.jdk/Contents/Home/jre/lib/jsse.jar
  - /Library/Java/JavaVirtualMachines/jdk1.8.0_131.jdk/Contents/Home/jre/lib/management-agent.jar
  - /Library/Java/JavaVirtualMachines/jdk1.8.0_131.jdk/Contents/Home/jre/lib/plugin.jar
  - /Library/Java/JavaVirtualMachines/jdk1.8.0_131.jdk/Contents/Home/jre/lib/resources.jar
  - /Library/Java/JavaVirtualMachines/jdk1.8.0_131.jdk/Contents/Home/jre/lib/rt.jar
  - /Library/Java/JavaVirtualMachines/jdk1.8.0_131.jdk/Contents/Home/lib/ant-javafx.jar
  - /Library/Java/JavaVirtualMachines/jdk1.8.0_131.jdk/Contents/Home/lib/dt.jar
  - /Library/Java/JavaVirtualMachines/jdk1.8.0_131.jdk/Contents/Home/lib/javafx-mx.jar
  - /Library/Java/JavaVirtualMachines/jdk1.8.0_131.jdk/Contents/Home/lib/jconsole.jar
  - /Library/Java/JavaVirtualMachines/jdk1.8.0_131.jdk/Contents/Home/lib/packager.jar
  - /Library/Java/JavaVirtualMachines/jdk1.8.0_131.jdk/Contents/Home/lib/sa-jdi.jar
  - /Library/Java/JavaVirtualMachines/jdk1.8.0_131.jdk/Contents/Home/lib/tools.jar
  - /Users/tiagofraga/Desktop/Complementares/ATS/Trabalhos/Local/TP2/ats1819-projecto/out/test/ats1819-projecto
  - /Users/tiagofraga/Desktop/Complementares/ATS/Trabalhos/Local/TP2/ats1819-projecto/out/production/ats1819-projecto
  - /Users/tiagofraga/Desktop/Complementares/ATS/Software/junit-4.10.jar
  - /Users/tiagofraga/.m2/repository/com/pholser/junit-quickcheck-core/0.8.1/junit-quickcheck-core-0.8.1.jar
  - /Users/tiagofraga/.m2/repository/junit/junit/4.12/junit-4.12.jar
  - /Users/tiagofraga/.m2/repository/org/hamcrest/hamcrest-core/1.3/hamcrest-core-1.3.jar
  - /Users/tiagofraga/.m2/repository/org/javaruntype/javaruntype/1.3/javaruntype-1.3.jar
  - /Users/tiagofraga/.m2/repository/org/antlr/antlr-runtime/3.1.2/antlr-runtime-3.1.2.jar
  - /Users/tiagofraga/.m2/repository/ognl/ognl/3.1.12/ognl-3.1.12.jar
  - /Users/tiagofraga/.m2/repository/org/javassist/javassist/3.20.0-GA/javassist-3.20.0-GA.jar
  - /Users/tiagofraga/.m2/repository/ru/vyarus/generics-resolver/2.0.1/generics-resolver-2.0.1.jar
  - /Users/tiagofraga/.m2/repository/org/slf4j/slf4j-api/1.7.25/slf4j-api-1.7.25.jar
  - /Users/tiagofraga/.m2/repository/com/pholser/junit-quickcheck-generators/0.8.1/junit-quickcheck-generators-0.8.1.jar
  - /Users/tiagofraga/.m2/repository/org/antlr/antlr-runtime/3.5.2/antlr-runtime-3.5.2.jar
  - /Users/tiagofraga/.m2/repository/org/antlr/antlr4-runtime/4.7.1/antlr4-runtime-4.7.1.jar
* Finished analyzing classpath
* Generating tests for class Client
* Test criteria:
  - Line Coverage
  - Branch Coverage
  - Exception
  - Mutation testing (weak)
  - Method-Output Coverage
  - Top-Level Method Coverage
  - No-Exception Top-Level Method Coverage
  - Context Branch Coverage
* Setting up search algorithm for whole suite generation
* Loaded 21 tests from /Users/tiagofraga/Desktop/Complementares/ATS/Trabalhos/Local/TP2/ats1819-projecto/.evosuite/evosuite-seeds/Client.seed
* Total number of test goals: 
  - Line 42
  - Branch 15
  - Exception 0
  - MutationFactory 47
  - Output 28
  - Method 15
  - MethodNoException 15
  - CBranchFitnessFactory 15
* Using seed 1542621655454
* Starting evolution
[MASTER] 10:01:07.852 [pool-2-thread-1] WARN  TimeController - Phase INITIALIZATION lasted too long, 7 seconds more than allowed.
* Search finished after 34s and 196 generations, 69844 statements, best individual has fitness: 7.958333333333333
* Writing sequences to pool
[MASTER] 10:01:42.702 [pool-2-thread-1] WARN  TimeController - Phase SEARCH lasted too long, 4 seconds more than allowed.
* Minimizing test suite
* Going to analyze the coverage criteria
* Coverage analysis for criterion LINE
* Coverage of criterion LINE: 88%
* Total number of goals: 42
* Number of covered goals: 37
* Coverage analysis for criterion BRANCH
* Coverage of criterion BRANCH: 100%
* Total number of goals: 15
* Number of covered goals: 15
* Coverage analysis for criterion EXCEPTION
* Coverage of criterion EXCEPTION: 100%
* Total number of goals: 7
* Number of covered goals: 7
* Coverage analysis for criterion WEAKMUTATION
* Coverage of criterion WEAKMUTATION: 100%
* Total number of goals: 47
* Number of covered goals: 47
* Coverage analysis for criterion OUTPUT
* Coverage of criterion OUTPUT: 82%
* Total number of goals: 28
* Number of covered goals: 23
* Coverage analysis for criterion METHOD
* Coverage of criterion METHOD: 100%
* Total number of goals: 15
* Number of covered goals: 15
* Coverage analysis for criterion METHODNOEXCEPTION
* Coverage of criterion METHODNOEXCEPTION: 93%
* Total number of goals: 15
* Number of covered goals: 14
* Coverage analysis for criterion CBRANCH
* Coverage of criterion CBRANCH: 93%
* Total number of goals: 15
* Number of covered goals: 14
* Generated 25 tests with total length 108
* Resulting test suite's coverage: 95% (average coverage for all fitness functions)
* Generating assertions
* Resulting test suite's mutation score: 84%
* Compiling and checking tests
* Writing JUnit test case 'Client_ESTest' to /Users/tiagofraga/Desktop/Complementares/ATS/Trabalhos/Local/TP2/ats1819-projecto/.evosuite/tmp_2018_11_19_09_51_18/tests
* Done!

