* Starting client
* Connecting to master process on port 8153
* Analyzing classpath: 
  - /Users/tiagofraga/Desktop/Complementares/ATS/Trabalhos/Local/TP2/ats1819-projecto/out/production/ats1819-projecto
  - /Library/Java/JavaVirtualMachines/jdk1.8.0_131.jdk/Contents/Home/jre/lib/charsets.jar
  - /Library/Java/JavaVirtualMachines/jdk1.8.0_131.jdk/Contents/Home/jre/lib/deploy.jar
  - /Library/Java/JavaVirtualMachines/jdk1.8.0_131.jdk/Contents/Home/jre/lib/ext/cldrdata.jar
  - /Library/Java/JavaVirtualMachines/jdk1.8.0_131.jdk/Contents/Home/jre/lib/ext/dnsns.jar
  - /Library/Java/JavaVirtualMachines/jdk1.8.0_131.jdk/Contents/Home/jre/lib/ext/jaccess.jar
  - /Library/Java/JavaVirtualMachines/jdk1.8.0_131.jdk/Contents/Home/jre/lib/ext/jfxrt.jar
  - /Library/Java/JavaVirtualMachines/jdk1.8.0_131.jdk/Contents/Home/jre/lib/ext/localedata.jar
  - /Library/Java/JavaVirtualMachines/jdk1.8.0_131.jdk/Contents/Home/jre/lib/ext/nashorn.jar
  - /Library/Java/JavaVirtualMachines/jdk1.8.0_131.jdk/Contents/Home/jre/lib/ext/sunec.jar
  - /Library/Java/JavaVirtualMachines/jdk1.8.0_131.jdk/Contents/Home/jre/lib/ext/sunjce_provider.jar
  - /Library/Java/JavaVirtualMachines/jdk1.8.0_131.jdk/Contents/Home/jre/lib/ext/sunpkcs11.jar
  - /Library/Java/JavaVirtualMachines/jdk1.8.0_131.jdk/Contents/Home/jre/lib/ext/zipfs.jar
  - /Library/Java/JavaVirtualMachines/jdk1.8.0_131.jdk/Contents/Home/jre/lib/javaws.jar
  - /Library/Java/JavaVirtualMachines/jdk1.8.0_131.jdk/Contents/Home/jre/lib/jce.jar
  - /Library/Java/JavaVirtualMachines/jdk1.8.0_131.jdk/Contents/Home/jre/lib/jfr.jar
  - /Library/Java/JavaVirtualMachines/jdk1.8.0_131.jdk/Contents/Home/jre/lib/jfxswt.jar
  - /Library/Java/JavaVirtualMachines/jdk1.8.0_131.jdk/Contents/Home/jre/lib/jsse.jar
  - /Library/Java/JavaVirtualMachines/jdk1.8.0_131.jdk/Contents/Home/jre/lib/management-agent.jar
  - /Library/Java/JavaVirtualMachines/jdk1.8.0_131.jdk/Contents/Home/jre/lib/plugin.jar
  - /Library/Java/JavaVirtualMachines/jdk1.8.0_131.jdk/Contents/Home/jre/lib/resources.jar
  - /Library/Java/JavaVirtualMachines/jdk1.8.0_131.jdk/Contents/Home/jre/lib/rt.jar
  - /Library/Java/JavaVirtualMachines/jdk1.8.0_131.jdk/Contents/Home/lib/ant-javafx.jar
  - /Library/Java/JavaVirtualMachines/jdk1.8.0_131.jdk/Contents/Home/lib/dt.jar
  - /Library/Java/JavaVirtualMachines/jdk1.8.0_131.jdk/Contents/Home/lib/javafx-mx.jar
  - /Library/Java/JavaVirtualMachines/jdk1.8.0_131.jdk/Contents/Home/lib/jconsole.jar
  - /Library/Java/JavaVirtualMachines/jdk1.8.0_131.jdk/Contents/Home/lib/packager.jar
  - /Library/Java/JavaVirtualMachines/jdk1.8.0_131.jdk/Contents/Home/lib/sa-jdi.jar
  - /Library/Java/JavaVirtualMachines/jdk1.8.0_131.jdk/Contents/Home/lib/tools.jar
  - /Users/tiagofraga/Desktop/Complementares/ATS/Trabalhos/Local/TP2/ats1819-projecto/out/test/ats1819-projecto
  - /Users/tiagofraga/Desktop/Complementares/ATS/Trabalhos/Local/TP2/ats1819-projecto/out/production/ats1819-projecto
  - /Users/tiagofraga/.m2/repository/com/pholser/junit-quickcheck-core/0.8.1/junit-quickcheck-core-0.8.1.jar
  - /Users/tiagofraga/.m2/repository/junit/junit/4.12/junit-4.12.jar
  - /Users/tiagofraga/.m2/repository/org/hamcrest/hamcrest-core/1.3/hamcrest-core-1.3.jar
  - /Users/tiagofraga/.m2/repository/org/javaruntype/javaruntype/1.3/javaruntype-1.3.jar
  - /Users/tiagofraga/.m2/repository/org/antlr/antlr-runtime/3.1.2/antlr-runtime-3.1.2.jar
  - /Users/tiagofraga/.m2/repository/ognl/ognl/3.1.12/ognl-3.1.12.jar
  - /Users/tiagofraga/.m2/repository/org/javassist/javassist/3.20.0-GA/javassist-3.20.0-GA.jar
  - /Users/tiagofraga/.m2/repository/ru/vyarus/generics-resolver/2.0.1/generics-resolver-2.0.1.jar
  - /Users/tiagofraga/.m2/repository/org/slf4j/slf4j-api/1.7.25/slf4j-api-1.7.25.jar
  - /Users/tiagofraga/.m2/repository/com/pholser/junit-quickcheck-generators/0.8.1/junit-quickcheck-generators-0.8.1.jar
  - /Users/tiagofraga/.m2/repository/org/antlr/antlr4-runtime/4.7.1/antlr4-runtime-4.7.1.jar
  - /Users/tiagofraga/.m2/repository/org/pitest/pitest/1.4.3/pitest-1.4.3.jar
* Finished analyzing classpath
* Generating tests for class umer.GUI
* Test criteria:
  - Line Coverage
  - Branch Coverage
  - Exception
  - Mutation testing (weak)
  - Method-Output Coverage
  - Top-Level Method Coverage
  - No-Exception Top-Level Method Coverage
  - Context Branch Coverage
* Setting up search algorithm for whole suite generation
[MASTER] 17:38:18.394 [pool-2-thread-1] WARN  TestSuiteSerialization - Cannot load tests because file does not exist: /Users/tiagofraga/Desktop/Complementares/ATS/Trabalhos/Local/TP2/ats1819-projecto/.evosuite/evosuite-seeds/umer.GUI.seed
* Loaded 0 tests from /Users/tiagofraga/Desktop/Complementares/ATS/Trabalhos/Local/TP2/ats1819-projecto/.evosuite/evosuite-seeds/umer.GUI.seed
* Total number of test goals: 
  - Line 751
  - Branch 233
  - Exception 0
  - MutationFactory 178
  - Output 112
  - Method 53
  - MethodNoException 53
  - CBranchFitnessFactory 233
* Using seed 1542649075993
* Starting evolution
* Search finished after 353s and 100 generations, 33035 statements, best individual has fitness: 1951.3447355489316
* Writing sequences to pool
* Minimizing test suite
* Going to analyze the coverage criteria
* Coverage analysis for criterion LINE
